Running SLURM prolog script on indigo53.cluster.local
===============================================================================
Job started on Tue Feb 15 23:32:12 GMT 2022
Job ID          : 1072087
Job name        : Agent
WorkDir         : /mainfs/scratch/mjad1g20/PhenoGame/ray/ddpg
Command         : /mainfs/scratch/mjad1g20/PhenoGame/ray/ddpg/submit
Partition       : gpu
Num hosts       : 1
Num cores       : 8
Num of tasks    : 8
Hosts allocated : indigo53
Job Output Follows ...
===============================================================================
module load tmux
Python 3.8.12
/home/mjad1g20/.conda/envs/rrlib/bin/python
2022-02-15 23:33:24,579	INFO simple_q.py:153 -- In multi-agent mode, policies will be optimized sequentially by the multi-GPU optimizer. Consider setting `simple_optimizer=True` if this doesn't work for you.
2022-02-15 23:33:24,579	INFO trainer.py:790 -- Current log_level is WARN. For more information, set 'log_level': 'INFO' / 'DEBUG' or use the -v and -vv flags.
2022-02-15 23:34:10,187	WARNING deprecation.py:45 -- DeprecationWarning: `rllib.env.remote_vector_env.RemoteVectorEnv` has been deprecated. Use `ray.rllib.env.remote_base_env.RemoteBaseEnv` instead. This will raise an error in the future!
2022-02-15 23:34:10,188	INFO trainable.py:125 -- Trainable.setup took 45.613 seconds. If your trainable is slow to initialize, consider setting reuse_actors=True to reduce actor creation overheads.
2022-02-15 23:34:10,189	WARNING util.py:55 -- Install gputil for GPU system monitoring.
2022-02-16 02:53:17,708	WARNING deprecation.py:45 -- DeprecationWarning: `clear_buffer` has been deprecated. Use `Filter.reset_buffer()` instead. This will raise an error in the future!
slurmstepd-indigo53: error: *** JOB 1072087 ON indigo53 CANCELLED AT 2022-02-16T03:32:38 DUE TO TIME LIMIT ***
==============================================================================
Running epilogue script on indigo53.

Submit time  : 2022-02-15T20:13:24
Start time   : 2022-02-15T23:32:11
End time     : 2022-02-16T03:32:38
Elapsed time : 04:00:27 (Timelimit=04:00:00)

Job ID: 1072087
Cluster: i5
User/Group: mjad1g20/wf
State: TIMEOUT (exit code 0)
Nodes: 1
Cores per node: 8
CPU Utilized: 00:00:01
CPU Efficiency: 0.00% of 1-08:03:36 core-walltime
Job Wall-clock time: 04:00:27
Memory Utilized: 3.81 GB
Memory Efficiency: 0.00% of 0.00 MB

